Command line:
   Edge_Detect_Moore_isim_beh.exe
     -simmode  gui
     -simrunnum  0
     -socket  53207

Tue Feb 25 13:06:54 2020


 Elaboration Time: 0.01 sec

 Current Memory Usage: 183.976 Meg

 Total Signals          : 16
 Total Nets             : 17
 Total Signal Drivers   : 6
 Total Blocks           : 2
 Total Primitive Blocks : 2
 Total Processes        : 9
 Total Traceable Variables  : 24
 Total Scalar Nets and Variables : 108
Total Line Count : 33

 Total Simulation Time: 0.02 sec

 Current Memory Usage: 259.478 Meg

Tue Feb 25 13:06:58 2020

