--------------------------------------------------------------------------------
Release 14.7 Trace  (lin64)
Copyright (c) 1995-2013 Xilinx, Inc.  All rights reserved.

/opt/Xilinx/14.7/ISE_DS/ISE/bin/lin64/unwrapped/trce -intstyle ise -v 3 -s 4 -n
3 -fastpaths -xml Four_Bit_Full_Adder.twx Four_Bit_Full_Adder.ncd -o
Four_Bit_Full_Adder.twr Four_Bit_Full_Adder.pcf -ucf Four_Bit_Full_Adder.ucf

Design file:              Four_Bit_Full_Adder.ncd
Physical constraint file: Four_Bit_Full_Adder.pcf
Device,package,speed:     xc3s200,ft256,-4 (PRODUCTION 1.39 2013-10-13)
Report level:             verbose report

Environment Variable      Effect 
--------------------      ------ 
NONE                      No environment variables were set
--------------------------------------------------------------------------------

INFO:Timing:2698 - No timing constraints found, doing default enumeration.
INFO:Timing:3412 - To improve timing, see the Timing Closure User Guide (UG612).
INFO:Timing:2752 - To get complete path coverage, use the unconstrained paths 
   option. All paths that are not constrained will be reported in the 
   unconstrained paths section(s) of the report.
INFO:Timing:3339 - The clock-to-out numbers in this timing report are based on 
   a 50 Ohm transmission line loading model.  For the details of this model, 
   and for more information on accounting for different loading conditions, 
   please see the device datasheet.
INFO:Timing:3390 - This architecture does not support a default System Jitter 
   value, please add SYSTEM_JITTER constraint to the UCF to modify the Clock 
   Uncertainty calculation.
INFO:Timing:3389 - This architecture does not support 'Discrete Jitter' and 
   'Phase Error' calculations, these terms will be zero in the Clock 
   Uncertainty calculation.  Please make appropriate modification to 
   SYSTEM_JITTER to account for the unsupported Discrete Jitter and Phase 
   Error.



Data Sheet report:
-----------------
All values displayed in nanoseconds (ns)

Pad to Pad
---------------+---------------+---------+
Source Pad     |Destination Pad|  Delay  |
---------------+---------------+---------+
A<0>           |Cout           |   10.717|
A<0>           |Sum<0>         |   10.010|
A<0>           |Sum<1>         |   10.654|
A<0>           |Sum<2>         |   11.092|
A<0>           |Sum<3>         |   11.863|
A<1>           |Cout           |   10.329|
A<1>           |Sum<1>         |   10.345|
A<1>           |Sum<2>         |   10.704|
A<1>           |Sum<3>         |   11.475|
A<2>           |Cout           |    8.455|
A<2>           |Sum<2>         |    8.293|
A<2>           |Sum<3>         |    9.601|
A<3>           |Cout           |    8.022|
A<3>           |Sum<3>         |    9.186|
B<0>           |Cout           |   11.133|
B<0>           |Sum<0>         |   10.113|
B<0>           |Sum<1>         |   11.070|
B<0>           |Sum<2>         |   11.508|
B<0>           |Sum<3>         |   12.279|
B<1>           |Cout           |   10.966|
B<1>           |Sum<1>         |   10.783|
B<1>           |Sum<2>         |   11.341|
B<1>           |Sum<3>         |   12.112|
B<2>           |Cout           |    9.580|
B<2>           |Sum<2>         |    8.950|
B<2>           |Sum<3>         |   10.726|
B<3>           |Cout           |    8.595|
B<3>           |Sum<3>         |    9.326|
Cin            |Cout           |    9.907|
Cin            |Sum<0>         |    9.224|
Cin            |Sum<1>         |    9.844|
Cin            |Sum<2>         |   10.282|
Cin            |Sum<3>         |   11.053|
---------------+---------------+---------+


Analysis completed Tue Jan 28 14:42:06 2020 
--------------------------------------------------------------------------------

Trace Settings:
-------------------------
Trace Settings 

Peak Memory Usage: 301 MB



