--------------------------------------------------------------------------------
Release 14.7 Trace  (lin64)
Copyright (c) 1995-2013 Xilinx, Inc.  All rights reserved.

/opt/Xilinx/14.7/ISE_DS/ISE/bin/lin64/unwrapped/trce -intstyle ise -v 3 -s 4 -n
3 -fastpaths -xml RotatingCircuit.twx RotatingCircuit.ncd -o
RotatingCircuit.twr RotatingCircuit.pcf -ucf Rotating_Circuit.ucf

Design file:              RotatingCircuit.ncd
Physical constraint file: RotatingCircuit.pcf
Device,package,speed:     xc3s200,ft256,-4 (PRODUCTION 1.39 2013-10-13)
Report level:             verbose report

Environment Variable      Effect 
--------------------      ------ 
NONE                      No environment variables were set
--------------------------------------------------------------------------------

INFO:Timing:2698 - No timing constraints found, doing default enumeration.
INFO:Timing:3412 - To improve timing, see the Timing Closure User Guide (UG612).
INFO:Timing:2752 - To get complete path coverage, use the unconstrained paths 
   option. All paths that are not constrained will be reported in the 
   unconstrained paths section(s) of the report.
INFO:Timing:3339 - The clock-to-out numbers in this timing report are based on 
   a 50 Ohm transmission line loading model.  For the details of this model, 
   and for more information on accounting for different loading conditions, 
   please see the device datasheet.
INFO:Timing:3390 - This architecture does not support a default System Jitter 
   value, please add SYSTEM_JITTER constraint to the UCF to modify the Clock 
   Uncertainty calculation.
INFO:Timing:3389 - This architecture does not support 'Discrete Jitter' and 
   'Phase Error' calculations, these terms will be zero in the Clock 
   Uncertainty calculation.  Please make appropriate modification to 
   SYSTEM_JITTER to account for the unsupported Discrete Jitter and Phase 
   Error.



Data Sheet report:
-----------------
All values displayed in nanoseconds (ns)

Setup/Hold to clock clk
------------+------------+------------+------------------+--------+
            |Max Setup to|Max Hold to |                  | Clock  |
Source      | clk (edge) | clk (edge) |Internal Clock(s) | Phase  |
------------+------------+------------+------------------+--------+
en          |    2.571(R)|    0.871(R)|clk_BUFGP         |   0.000|
------------+------------+------------+------------------+--------+

Clock clk to Pad
------------+------------+------------------+--------+
            | clk (edge) |                  | Clock  |
Destination |   to PAD   |Internal Clock(s) | Phase  |
------------+------------+------------------+--------+
an<0>       |   11.447(R)|clk_BUFGP         |   0.000|
an<1>       |   10.563(R)|clk_BUFGP         |   0.000|
an<2>       |   11.062(R)|clk_BUFGP         |   0.000|
an<3>       |   11.607(R)|clk_BUFGP         |   0.000|
sseg<1>     |   10.913(R)|clk_BUFGP         |   0.000|
sseg<2>     |   10.282(R)|clk_BUFGP         |   0.000|
sseg<3>     |   10.997(R)|clk_BUFGP         |   0.000|
sseg<4>     |   10.281(R)|clk_BUFGP         |   0.000|
sseg<5>     |   10.911(R)|clk_BUFGP         |   0.000|
sseg<6>     |   11.251(R)|clk_BUFGP         |   0.000|
------------+------------+------------------+--------+

Clock to Setup on destination clock clk
---------------+---------+---------+---------+---------+
               | Src:Rise| Src:Fall| Src:Rise| Src:Fall|
Source Clock   |Dest:Rise|Dest:Rise|Dest:Fall|Dest:Fall|
---------------+---------+---------+---------+---------+
clk            |    4.730|         |         |         |
---------------+---------+---------+---------+---------+

Pad to Pad
---------------+---------------+---------+
Source Pad     |Destination Pad|  Delay  |
---------------+---------------+---------+
ccw            |sseg<1>        |    9.776|
ccw            |sseg<2>        |    9.103|
ccw            |sseg<3>        |    9.818|
ccw            |sseg<4>        |    9.102|
ccw            |sseg<5>        |    9.774|
ccw            |sseg<6>        |   10.114|
---------------+---------------+---------+


Analysis completed Thu Feb  6 14:45:20 2020 
--------------------------------------------------------------------------------

Trace Settings:
-------------------------
Trace Settings 

Peak Memory Usage: 302 MB



